INFO: [VRFC 10-2263] Analyzing Verilog file "D:/ji/20 Fall/ve370/project_2/project_2.srcs/sources_1/new/ALU.v" into library xil_defaultlib
INFO: [VRFC 10-311] analyzing module ALU
INFO: [VRFC 10-2263] Analyzing Verilog file "D:/ji/20 Fall/ve370/project_2/project_2.srcs/sources_1/new/ALU_control.v" into library xil_defaultlib
INFO: [VRFC 10-311] analyzing module ALUControl
INFO: [VRFC 10-2263] Analyzing Verilog file "D:/ji/20 Fall/ve370/project_2/project_2.srcs/sources_1/new/Control.v" into library xil_defaultlib
INFO: [VRFC 10-311] analyzing module Control
INFO: [VRFC 10-2263] Analyzing Verilog file "D:/ji/20 Fall/ve370/project_2/project_2.srcs/sources_1/new/Instruction_Memory.v" into library xil_defaultlib
INFO: [VRFC 10-311] analyzing module Instruction_Memory
INFO: [VRFC 10-2263] Analyzing Verilog file "D:/ji/20 Fall/ve370/project_2/project_2.srcs/sources_1/new/PC.v" into library xil_defaultlib
INFO: [VRFC 10-311] analyzing module PC
INFO: [VRFC 10-2263] Analyzing Verilog file "D:/ji/20 Fall/ve370/project_2/project_2.srcs/sources_1/new/data_memory.v" into library xil_defaultlib
INFO: [VRFC 10-311] analyzing module data_memory
INFO: [VRFC 10-2263] Analyzing Verilog file "D:/ji/20 Fall/ve370/project_2/project_2.srcs/sources_1/new/register.v" into library xil_defaultlib
INFO: [VRFC 10-311] analyzing module register
INFO: [VRFC 10-2263] Analyzing Verilog file "D:/ji/20 Fall/ve370/project_2/project_2.srcs/sources_1/new/sign_extention.v" into library xil_defaultlib
INFO: [VRFC 10-311] analyzing module sign_extention
INFO: [VRFC 10-2263] Analyzing Verilog file "D:/ji/20 Fall/ve370/project_2/project_2.srcs/sources_1/new/single_cycle.v" into library xil_defaultlib
INFO: [VRFC 10-311] analyzing module single_cycle
INFO: [VRFC 10-2263] Analyzing Verilog file "D:/ji/20 Fall/ve370/project_2/project_2.srcs/sim_1/new/single_cycle_sim.v" into library xil_defaultlib
INFO: [VRFC 10-311] analyzing module single_cycle_sim
INFO: [VRFC 10-2263] Analyzing Verilog file "D:/ji/20 Fall/ve370/project_2/project_2.sim/sim_1/behav/glbl.v" into library xil_defaultlib
INFO: [VRFC 10-311] analyzing module glbl
