Unable to capture context for thread 5692 in process 11624, can not generate back trace
Unable to capture context for thread 5020 in process 11624, can not generate back trace
Unable to capture context for thread 12392 in process 11624, can not generate back trace
Exception at PC 0x00007FF96C48BB93
Printing stacktrace...

[0]  [0x00007FF96C48BB93]
[1]  [0x00007FF96C48BB93]
[2]  [0x00007FF96C48B4A1]
[3]  [0x00007FF96C48B3EF]
[4]  [0x00007FF96C4719FE]
[5]  [0x00007FF96C470ED1]
[6]  [0x00007FF96C470D76]
[7]  [0x00007FF96C4179F6]
[8]  [0x00007FF96C407AFB]
[9]  [0x00007FF96C52E90A]
[10]  [0x00007FF96C549F87]
[11]  [0x00007FF96C54A05F]
[12] (BaseThreadInitThunk+0x14) [0x00007FF9B7D77034]
[13] (RtlUserThreadStart+0x21) [0x00007FF9B993CEC1]
Done
Exception at PC 0x00007FF96C191A52
Attemped to write at address 0x00007FF932EFABA4
Printing stacktrace...

[0]  [0x00007FF96C191A52]
[1]  [0x00007FF96C191A52]
[2]  [0x00007FF96C191AD4]
[3]  [0x00007FF96C2D3FF7]
[4]  [0x00007FF96C1B9128]
[5]  [0x00007FF96C46DFB9]
[6]  [0x00007FF96C63EF23]
[7]  [0x00007FF96C54B06B]
[8]  [0x00007FF96C5408AF]
[9]  [0x00007FF96C540A32]
[10] (RtlActivateActivationContextUnsafeFast+0x11d) [0x00007FF9B9927B3D]
[11] (LdrShutdownProcess+0x141) [0x00007FF9B9953DE1]
[12] (RtlExitUserProcess+0xad) [0x00007FF9B9953C7D]
[13] (FatalExit+0xb) [0x00007FF9B7D7E0AB]
[14] (exit+0x85) [0x00007FF9B853A155]
[15] (initterm_e+0x245) [0x00007FF9B853A7C5]
[16]  [0x00000000004014CD]
[17]  [0x000000000040151B]
[18] (BaseThreadInitThunk+0x14) [0x00007FF9B7D77034]
[19] (RtlUserThreadStart+0x21) [0x00007FF9B993CEC1]
Done
